This is pdfTeX, Version 3.1415926-1.40.11 (Web2C 2010) (format=pdflatex 2012.2.16)  9 NOV 2016 11:37
entering extended mode
 %&-line parsing enabled.
**zespolowe_przedsiewziecie_inzynierskie.tex
(./zespolowe_przedsiewziecie_inzynierskie.tex
LaTeX2e <2009/09/24>
Babel <v3.8l> and hyphenation patterns for english, dumylang, nohyphenation, uk
english, usenglishmax, polish, loaded.

(c:/Users/student.IT/Downloads/Desktop/texlive2014/alcmd/../2010min/texmf-dist/
tex/latex/base/report.cls
Document Class: report 2007/10/19 v1.4h Standard LaTeX document class

(c:/Users/student.IT/Downloads/Desktop/texlive2014/alcmd/../2010min/texmf-dist/
tex/latex/base/fleqn.clo
File: fleqn.clo 1998/08/17 v1.1c Standard LaTeX option (flush left equations)
\mathindent=\dimen102
)
(c:/Users/student.IT/Downloads/Desktop/texlive2014/alcmd/../2010min/texmf-dist/
tex/latex/base/size12.clo
File: size12.clo 2007/10/19 v1.4h Standard LaTeX file (size option)
)
\c@part=\count79
\c@chapter=\count80
\c@section=\count81
\c@subsection=\count82
\c@subsubsection=\count83
\c@paragraph=\count84
\c@subparagraph=\count85
\c@figure=\count86
\c@table=\count87
\abovecaptionskip=\skip41
\belowcaptionskip=\skip42
\bibindent=\dimen103
)
(c:/Users/student.IT/Downloads/Desktop/texlive2014/alcmd/../2010min/texmf-dist/
tex/latex/polski/polski.sty
Package: polski 2008/02/24 v1.3.3 Polish language package

Document language package `polski' v1.3.3 <2008/02/24>
   Switching to Polish text encoding and Polish maths fonts.

(c:/Users/student.IT/Downloads/Desktop/texlive2014/alcmd/../2010min/texmf-dist/
tex/latex/base/ot4enc.def
File: ot4enc.def 2005/09/27 v1.99g Standard LaTeX file
)
LaTeX Font Info:    Try loading font information for OT4+cmr on input line 346.


(c:/Users/student.IT/Downloads/Desktop/texlive2014/alcmd/../2010min/texmf-dist/
tex/latex/polski/ot4cmr.fd
File: ot4cmr.fd 2008/02/24 v1.2.1 Font defs for fonts PL (MW)
)
LaTeX Font Info:    Overwriting math alphabet `\mathbf' in version `normal'
(Font)                  OT1/cmr/bx/n --> OT4/cmr/bx/n on input line 346.
LaTeX Font Info:    Overwriting math alphabet `\mathsf' in version `normal'
(Font)                  OT1/cmss/m/n --> OT4/cmss/m/n on input line 346.
LaTeX Font Info:    Overwriting math alphabet `\mathit' in version `normal'
(Font)                  OT1/cmr/m/it --> OT4/cmr/m/it on input line 346.
LaTeX Font Info:    Overwriting math alphabet `\mathtt' in version `normal'
(Font)                  OT1/cmtt/m/n --> OT4/cmtt/m/n on input line 346.
LaTeX Font Info:    Overwriting math alphabet `\mathsf' in version `bold'
(Font)                  OT1/cmss/bx/n --> OT4/cmss/bx/n on input line 346.
LaTeX Font Info:    Overwriting math alphabet `\mathit' in version `bold'
(Font)                  OT1/cmr/bx/it --> OT4/cmr/bx/it on input line 346.
LaTeX Font Info:    Encoding `OT1' has changed to `OT4' for symbol font
(Font)              `operators' in the math version `normal' on input line 346.

LaTeX Font Info:    Overwriting symbol font `operators' in version `normal'
(Font)                  OT1/cmr/m/n --> OT4/cmr/m/n on input line 346.
LaTeX Font Info:    Overwriting symbol font `letters' in version `normal'
(Font)                  OML/cmm/m/it --> OML/plm/m/it on input line 346.
LaTeX Font Info:    Overwriting symbol font `symbols' in version `normal'
(Font)                  OMS/cmsy/m/n --> OMS/plsy/m/n on input line 346.
LaTeX Font Info:    Overwriting symbol font `largesymbols' in version `normal'
(Font)                  OMX/cmex/m/n --> OMX/plex/m/n on input line 346.
LaTeX Font Info:    Encoding `OT1' has changed to `OT4' for symbol font
(Font)              `operators' in the math version `bold' on input line 346.
LaTeX Font Info:    Overwriting symbol font `operators' in version `bold'
(Font)                  OT1/cmr/bx/n --> OT4/cmr/bx/n on input line 346.
LaTeX Font Info:    Overwriting symbol font `letters' in version `bold'
(Font)                  OML/cmm/b/it --> OML/plm/b/it on input line 346.
LaTeX Font Info:    Overwriting symbol font `symbols' in version `bold'
(Font)                  OMS/cmsy/b/n --> OMS/plsy/b/n on input line 346.
)
(c:/Users/student.IT/Downloads/Desktop/texlive2014/alcmd/../2010min/texmf-dist/
tex/latex/base/inputenc.sty
Package: inputenc 2008/03/30 v1.1d Input encoding file
\inpenc@prehook=\toks14
\inpenc@posthook=\toks15

(c:/Users/student.IT/Downloads/Desktop/texlive2014/alcmd/../2010min/texmf-dist/
tex/latex/base/utf8.def
File: utf8.def 2008/04/05 v1.1m UTF-8 support for inputenc
Now handling font encoding OML ...
... no UTF-8 mapping file for font encoding OML
Now handling font encoding T1 ...
... processing UTF-8 mapping file for font encoding T1

(c:/Users/student.IT/Downloads/Desktop/texlive2014/alcmd/../2010min/texmf-dist/
tex/latex/base/t1enc.dfu
File: t1enc.dfu 2008/04/05 v1.1m UTF-8 support for inputenc
   defining Unicode char U+00A1 (decimal 161)
   defining Unicode char U+00A3 (decimal 163)
   defining Unicode char U+00AB (decimal 171)
   defining Unicode char U+00BB (decimal 187)
   defining Unicode char U+00BF (decimal 191)
   defining Unicode char U+00C0 (decimal 192)
   defining Unicode char U+00C1 (decimal 193)
   defining Unicode char U+00C2 (decimal 194)
   defining Unicode char U+00C3 (decimal 195)
   defining Unicode char U+00C4 (decimal 196)
   defining Unicode char U+00C5 (decimal 197)
   defining Unicode char U+00C6 (decimal 198)
   defining Unicode char U+00C7 (decimal 199)
   defining Unicode char U+00C8 (decimal 200)
   defining Unicode char U+00C9 (decimal 201)
   defining Unicode char U+00CA (decimal 202)
   defining Unicode char U+00CB (decimal 203)
   defining Unicode char U+00CC (decimal 204)
   defining Unicode char U+00CD (decimal 205)
   defining Unicode char U+00CE (decimal 206)
   defining Unicode char U+00CF (decimal 207)
   defining Unicode char U+00D0 (decimal 208)
   defining Unicode char U+00D1 (decimal 209)
   defining Unicode char U+00D2 (decimal 210)
   defining Unicode char U+00D3 (decimal 211)
   defining Unicode char U+00D4 (decimal 212)
   defining Unicode char U+00D5 (decimal 213)
   defining Unicode char U+00D6 (decimal 214)
   defining Unicode char U+00D8 (decimal 216)
   defining Unicode char U+00D9 (decimal 217)
   defining Unicode char U+00DA (decimal 218)
   defining Unicode char U+00DB (decimal 219)
   defining Unicode char U+00DC (decimal 220)
   defining Unicode char U+00DD (decimal 221)
   defining Unicode char U+00DE (decimal 222)
   defining Unicode char U+00DF (decimal 223)
   defining Unicode char U+00E0 (decimal 224)
   defining Unicode char U+00E1 (decimal 225)
   defining Unicode char U+00E2 (decimal 226)
   defining Unicode char U+00E3 (decimal 227)
   defining Unicode char U+00E4 (decimal 228)
   defining Unicode char U+00E5 (decimal 229)
   defining Unicode char U+00E6 (decimal 230)
   defining Unicode char U+00E7 (decimal 231)
   defining Unicode char U+00E8 (decimal 232)
   defining Unicode char U+00E9 (decimal 233)
   defining Unicode char U+00EA (decimal 234)
   defining Unicode char U+00EB (decimal 235)
   defining Unicode char U+00EC (decimal 236)
   defining Unicode char U+00ED (decimal 237)
   defining Unicode char U+00EE (decimal 238)
   defining Unicode char U+00EF (decimal 239)
   defining Unicode char U+00F0 (decimal 240)
   defining Unicode char U+00F1 (decimal 241)
   defining Unicode char U+00F2 (decimal 242)
   defining Unicode char U+00F3 (decimal 243)
   defining Unicode char U+00F4 (decimal 244)
   defining Unicode char U+00F5 (decimal 245)
   defining Unicode char U+00F6 (decimal 246)
   defining Unicode char U+00F8 (decimal 248)
   defining Unicode char U+00F9 (decimal 249)
   defining Unicode char U+00FA (decimal 250)
   defining Unicode char U+00FB (decimal 251)
   defining Unicode char U+00FC (decimal 252)
   defining Unicode char U+00FD (decimal 253)
   defining Unicode char U+00FE (decimal 254)
   defining Unicode char U+00FF (decimal 255)
   defining Unicode char U+0102 (decimal 258)
   defining Unicode char U+0103 (decimal 259)
   defining Unicode char U+0104 (decimal 260)
   defining Unicode char U+0105 (decimal 261)
   defining Unicode char U+0106 (decimal 262)
   defining Unicode char U+0107 (decimal 263)
   defining Unicode char U+010C (decimal 268)
   defining Unicode char U+010D (decimal 269)
   defining Unicode char U+010E (decimal 270)
   defining Unicode char U+010F (decimal 271)
   defining Unicode char U+0110 (decimal 272)
   defining Unicode char U+0111 (decimal 273)
   defining Unicode char U+0118 (decimal 280)
   defining Unicode char U+0119 (decimal 281)
   defining Unicode char U+011A (decimal 282)
   defining Unicode char U+011B (decimal 283)
   defining Unicode char U+011E (decimal 286)
   defining Unicode char U+011F (decimal 287)
   defining Unicode char U+0130 (decimal 304)
   defining Unicode char U+0131 (decimal 305)
   defining Unicode char U+0132 (decimal 306)
   defining Unicode char U+0133 (decimal 307)
   defining Unicode char U+0139 (decimal 313)
   defining Unicode char U+013A (decimal 314)
   defining Unicode char U+013D (decimal 317)
   defining Unicode char U+013E (decimal 318)
   defining Unicode char U+0141 (decimal 321)
   defining Unicode char U+0142 (decimal 322)
   defining Unicode char U+0143 (decimal 323)
   defining Unicode char U+0144 (decimal 324)
   defining Unicode char U+0147 (decimal 327)
   defining Unicode char U+0148 (decimal 328)
   defining Unicode char U+014A (decimal 330)
   defining Unicode char U+014B (decimal 331)
   defining Unicode char U+0150 (decimal 336)
   defining Unicode char U+0151 (decimal 337)
   defining Unicode char U+0152 (decimal 338)
   defining Unicode char U+0153 (decimal 339)
   defining Unicode char U+0154 (decimal 340)
   defining Unicode char U+0155 (decimal 341)
   defining Unicode char U+0158 (decimal 344)
   defining Unicode char U+0159 (decimal 345)
   defining Unicode char U+015A (decimal 346)
   defining Unicode char U+015B (decimal 347)
   defining Unicode char U+015E (decimal 350)
   defining Unicode char U+015F (decimal 351)
   defining Unicode char U+0160 (decimal 352)
   defining Unicode char U+0161 (decimal 353)
   defining Unicode char U+0162 (decimal 354)
   defining Unicode char U+0163 (decimal 355)
   defining Unicode char U+0164 (decimal 356)
   defining Unicode char U+0165 (decimal 357)
   defining Unicode char U+016E (decimal 366)
   defining Unicode char U+016F (decimal 367)
   defining Unicode char U+0170 (decimal 368)
   defining Unicode char U+0171 (decimal 369)
   defining Unicode char U+0178 (decimal 376)
   defining Unicode char U+0179 (decimal 377)
   defining Unicode char U+017A (decimal 378)
   defining Unicode char U+017B (decimal 379)
   defining Unicode char U+017C (decimal 380)
   defining Unicode char U+017D (decimal 381)
   defining Unicode char U+017E (decimal 382)
   defining Unicode char U+200C (decimal 8204)
   defining Unicode char U+2013 (decimal 8211)
   defining Unicode char U+2014 (decimal 8212)
   defining Unicode char U+2018 (decimal 8216)
   defining Unicode char U+2019 (decimal 8217)
   defining Unicode char U+201A (decimal 8218)
   defining Unicode char U+201C (decimal 8220)
   defining Unicode char U+201D (decimal 8221)
   defining Unicode char U+201E (decimal 8222)
   defining Unicode char U+2030 (decimal 8240)
   defining Unicode char U+2031 (decimal 8241)
   defining Unicode char U+2039 (decimal 8249)
   defining Unicode char U+203A (decimal 8250)
   defining Unicode char U+2423 (decimal 9251)
)
Now handling font encoding OT1 ...
... processing UTF-8 mapping file for font encoding OT1

(c:/Users/student.IT/Downloads/Desktop/texlive2014/alcmd/../2010min/texmf-dist/
tex/latex/base/ot1enc.dfu
File: ot1enc.dfu 2008/04/05 v1.1m UTF-8 support for inputenc
   defining Unicode char U+00A1 (decimal 161)
   defining Unicode char U+00A3 (decimal 163)
   defining Unicode char U+00B8 (decimal 184)
   defining Unicode char U+00BF (decimal 191)
   defining Unicode char U+00C5 (decimal 197)
   defining Unicode char U+00C6 (decimal 198)
   defining Unicode char U+00D8 (decimal 216)
   defining Unicode char U+00DF (decimal 223)
   defining Unicode char U+00E6 (decimal 230)
   defining Unicode char U+00EC (decimal 236)
   defining Unicode char U+00ED (decimal 237)
   defining Unicode char U+00EE (decimal 238)
   defining Unicode char U+00EF (decimal 239)
   defining Unicode char U+00F8 (decimal 248)
   defining Unicode char U+0131 (decimal 305)
   defining Unicode char U+0141 (decimal 321)
   defining Unicode char U+0142 (decimal 322)
   defining Unicode char U+0152 (decimal 338)
   defining Unicode char U+0153 (decimal 339)
   defining Unicode char U+2013 (decimal 8211)
   defining Unicode char U+2014 (decimal 8212)
   defining Unicode char U+2018 (decimal 8216)
   defining Unicode char U+2019 (decimal 8217)
   defining Unicode char U+201C (decimal 8220)
   defining Unicode char U+201D (decimal 8221)
)
Now handling font encoding OMS ...
... processing UTF-8 mapping file for font encoding OMS

(c:/Users/student.IT/Downloads/Desktop/texlive2014/alcmd/../2010min/texmf-dist/
tex/latex/base/omsenc.dfu
File: omsenc.dfu 2008/04/05 v1.1m UTF-8 support for inputenc
   defining Unicode char U+00A7 (decimal 167)
   defining Unicode char U+00B6 (decimal 182)
   defining Unicode char U+00B7 (decimal 183)
   defining Unicode char U+2020 (decimal 8224)
   defining Unicode char U+2021 (decimal 8225)
   defining Unicode char U+2022 (decimal 8226)
)
Now handling font encoding OMX ...
... no UTF-8 mapping file for font encoding OMX
Now handling font encoding U ...
... no UTF-8 mapping file for font encoding U
Now handling font encoding OT4 ...
... no UTF-8 mapping file for font encoding OT4
   defining Unicode char U+00A9 (decimal 169)
   defining Unicode char U+00AA (decimal 170)
   defining Unicode char U+00AE (decimal 174)
   defining Unicode char U+00BA (decimal 186)
   defining Unicode char U+02C6 (decimal 710)
   defining Unicode char U+02DC (decimal 732)
   defining Unicode char U+200C (decimal 8204)
   defining Unicode char U+2026 (decimal 8230)
   defining Unicode char U+2122 (decimal 8482)
   defining Unicode char U+2423 (decimal 9251)
))
(c:/Users/student.IT/Downloads/Desktop/texlive2014/alcmd/../2010min/texmf-dist/
tex/latex/amsmath/amsmath.sty
Package: amsmath 2000/07/18 v2.13 AMS math features
\@mathmargin=\skip43

For additional information on amsmath, use the `?' option.

(c:/Users/student.IT/Downloads/Desktop/texlive2014/alcmd/../2010min/texmf-dist/
tex/latex/amsmath/amstext.sty
Package: amstext 2000/06/29 v2.01

(c:/Users/student.IT/Downloads/Desktop/texlive2014/alcmd/../2010min/texmf-dist/
tex/latex/amsmath/amsgen.sty
File: amsgen.sty 1999/11/30 v2.0
\@emptytoks=\toks16
\ex@=\dimen104
))
(c:/Users/student.IT/Downloads/Desktop/texlive2014/alcmd/../2010min/texmf-dist/
tex/latex/amsmath/amsbsy.sty
Package: amsbsy 1999/11/29 v1.2d
\pmbraise@=\dimen105
)
(c:/Users/student.IT/Downloads/Desktop/texlive2014/alcmd/../2010min/texmf-dist/
tex/latex/amsmath/amsopn.sty
Package: amsopn 1999/12/14 v2.01 operator names
)
\inf@bad=\count88
LaTeX Info: Redefining \frac on input line 211.
\uproot@=\count89
\leftroot@=\count90
LaTeX Info: Redefining \overline on input line 307.
\classnum@=\count91
\DOTSCASE@=\count92
LaTeX Info: Redefining \ldots on input line 379.
LaTeX Info: Redefining \dots on input line 382.
LaTeX Info: Redefining \cdots on input line 467.
\Mathstrutbox@=\box26
\strutbox@=\box27
\big@size=\dimen106
LaTeX Font Info:    Redeclaring font encoding OML on input line 567.
LaTeX Font Info:    Redeclaring font encoding OMS on input line 568.
\macc@depth=\count93
\c@MaxMatrixCols=\count94
\dotsspace@=\muskip10
\c@parentequation=\count95
\dspbrk@lvl=\count96
\tag@help=\toks17
\row@=\count97
\column@=\count98
\maxfields@=\count99
\andhelp@=\toks18
\eqnshift@=\dimen107
\alignsep@=\dimen108
\tagshift@=\dimen109
\tagwidth@=\dimen110
\totwidth@=\dimen111
\lineht@=\dimen112
\@envbody=\toks19
\multlinegap=\skip44
\multlinetaggap=\skip45
\mathdisplay@stack=\toks20
LaTeX Info: Redefining \[ on input line 2666.
LaTeX Info: Redefining \] on input line 2667.
)
(c:/Users/student.IT/Downloads/Desktop/texlive2014/alcmd/../2010min/texmf-dist/
tex/latex/amsfonts/amsfonts.sty
Package: amsfonts 2009/06/22 v3.00 Basic AMSFonts support
\symAMSa=\mathgroup4
\symAMSb=\mathgroup5
LaTeX Font Info:    Overwriting math alphabet `\mathfrak' in version `bold'
(Font)                  U/euf/m/n --> U/euf/b/n on input line 96.
)
(c:/Users/student.IT/Downloads/Desktop/texlive2014/alcmd/../2010min/texmf-dist/
tex/latex/amsfonts/amssymb.sty
Package: amssymb 2009/06/22 v3.00
)
(c:/Users/student.IT/Downloads/Desktop/texlive2014/alcmd/../2010min/texmf-dist/
tex/latex/hyperref/hyperref.sty
Package: hyperref 2010/06/18 v6.81g Hypertext links for LaTeX

(c:/Users/student.IT/Downloads/Desktop/texlive2014/alcmd/../2010min/texmf-dist/
tex/generic/oberdiek/ltxcmds.sty
Package: ltxcmds 2010/04/26 v1.7 LaTeX kernel commands for general use (HO)
)
(c:/Users/student.IT/Downloads/Desktop/texlive2014/alcmd/../2010min/texmf-dist/
tex/latex/graphics/keyval.sty
Package: keyval 1999/03/16 v1.13 key=value parser (DPC)
\KV@toks@=\toks21
)
(c:/Users/student.IT/Downloads/Desktop/texlive2014/alcmd/../2010min/texmf-dist/
tex/generic/oberdiek/kvsetkeys.sty
Package: kvsetkeys 2010/03/01 v1.9 Key value parser (HO)

(c:/Users/student.IT/Downloads/Desktop/texlive2014/alcmd/../2010min/texmf-dist/
tex/generic/oberdiek/infwarerr.sty
Package: infwarerr 2010/04/08 v1.3 Providing info/warning/message (HO)
)
(c:/Users/student.IT/Downloads/Desktop/texlive2014/alcmd/../2010min/texmf-dist/
tex/generic/oberdiek/etexcmds.sty
Package: etexcmds 2010/01/28 v1.3 Prefix for e-TeX command names (HO)
Package etexcmds Info: Could not find \expanded.
(etexcmds)             That can mean that you are not using pdfTeX 1.50 or
(etexcmds)             that some package has redefined \expanded.
(etexcmds)             In the latter case, load this package earlier.
))
(c:/Users/student.IT/Downloads/Desktop/texlive2014/alcmd/../2010min/texmf-dist/
tex/generic/oberdiek/pdfescape.sty
Package: pdfescape 2010/03/01 v1.9 Provides hex, PDF name and string conversion
s (HO)

(c:/Users/student.IT/Downloads/Desktop/texlive2014/alcmd/../2010min/texmf-dist/
tex/generic/oberdiek/pdftexcmds.sty
Package: pdftexcmds 2010/04/01 v0.9 Utility functions of pdfTeX for LuaTeX (HO)


(c:/Users/student.IT/Downloads/Desktop/texlive2014/alcmd/../2010min/texmf-dist/
tex/generic/oberdiek/ifluatex.sty
Package: ifluatex 2010/03/01 v1.3 Provides the ifluatex switch (HO)
Package ifluatex Info: LuaTeX not detected.
)
Package pdftexcmds Info: LuaTeX not detected.
Package pdftexcmds Info: \pdf@primitive is available.
Package pdftexcmds Info: \pdf@ifprimitive is available.
))
(c:/Users/student.IT/Downloads/Desktop/texlive2014/alcmd/../2010min/texmf-dist/
tex/generic/oberdiek/ifpdf.sty
Package: ifpdf 2010/01/28 v2.1 Provides the ifpdf switch (HO)
Package ifpdf Info: pdfTeX in pdf mode detected.
)
(c:/Users/student.IT/Downloads/Desktop/texlive2014/alcmd/../2010min/texmf-dist/
tex/generic/oberdiek/ifvtex.sty
Package: ifvtex 2010/03/01 v1.5 Switches for detecting VTeX and its modes (HO)
Package ifvtex Info: VTeX not detected.
)
(c:/Users/student.IT/Downloads/Desktop/texlive2014/alcmd/../2010min/texmf-dist/
tex/generic/ifxetex/ifxetex.sty
Package: ifxetex 2009/01/23 v0.5 Provides ifxetex conditional
)
(c:/Users/student.IT/Downloads/Desktop/texlive2014/alcmd/../2010min/texmf-dist/
tex/latex/oberdiek/hycolor.sty
Package: hycolor 2009/12/12 v1.6 Color options of hyperref/bookmark (HO)

(c:/Users/student.IT/Downloads/Desktop/texlive2014/alcmd/../2010min/texmf-dist/
tex/latex/oberdiek/xcolor-patch.sty
Package: xcolor-patch 2009/12/12 xcolor patch
))
(c:/Users/student.IT/Downloads/Desktop/texlive2014/alcmd/../2010min/texmf-dist/
tex/latex/oberdiek/letltxmacro.sty
Package: letltxmacro 2008/06/24 v1.3 Let assignment for LaTeX macros (HO)
)
\@linkdim=\dimen113
\Hy@linkcounter=\count100
\Hy@pagecounter=\count101

(c:/Users/student.IT/Downloads/Desktop/texlive2014/alcmd/../2010min/texmf-dist/
tex/latex/hyperref/pd1enc.def
File: pd1enc.def 2010/06/18 v6.81g Hyperref: PDFDocEncoding definition (HO)
Now handling font encoding PD1 ...
... no UTF-8 mapping file for font encoding PD1
)
(c:/Users/student.IT/Downloads/Desktop/texlive2014/alcmd/../2010min/texmf-dist/
tex/generic/oberdiek/intcalc.sty
Package: intcalc 2007/09/27 v1.1 Expandable integer calculations (HO)
)
(c:/Users/student.IT/Downloads/Desktop/texlive2014/alcmd/../2010min/texmf-dist/
tex/latex/latexconfig/hyperref.cfg
File: hyperref.cfg 2002/06/06 v1.2 hyperref configuration of TeXLive
)
(c:/Users/student.IT/Downloads/Desktop/texlive2014/alcmd/../2010min/texmf-dist/
tex/latex/oberdiek/kvoptions.sty
Package: kvoptions 2010/02/22 v3.7 Keyval support for LaTeX options (HO)
)
Package hyperref Info: Hyper figures OFF on input line 3658.
Package hyperref Info: Link nesting OFF on input line 3663.
Package hyperref Info: Hyper index ON on input line 3666.
Package hyperref Info: Plain pages OFF on input line 3673.
Package hyperref Info: Backreferencing OFF on input line 3678.

Implicit mode ON; LaTeX internals redefined
Package hyperref Info: Bookmarks ON on input line 3874.

(c:/Users/student.IT/Downloads/Desktop/texlive2014/alcmd/../2010min/texmf-dist/
tex/latex/url/url.sty
\Urlmuskip=\muskip11
Package: url 2006/04/12  ver 3.3  Verb mode for urls, etc.
)
LaTeX Info: Redefining \url on input line 4159.

(c:/Users/student.IT/Downloads/Desktop/texlive2014/alcmd/../2010min/texmf-dist/
tex/generic/oberdiek/bitset.sty
Package: bitset 2007/09/28 v1.0 Data type bit set (HO)

(c:/Users/student.IT/Downloads/Desktop/texlive2014/alcmd/../2010min/texmf-dist/
tex/generic/oberdiek/bigintcalc.sty
Package: bigintcalc 2007/11/11 v1.1 Expandable big integer calculations (HO)
))
\Fld@menulength=\count102
\Field@Width=\dimen114
\Fld@charsize=\dimen115
\Field@toks=\toks22
Package hyperref Info: Hyper figures OFF on input line 5137.
Package hyperref Info: Link nesting OFF on input line 5142.
Package hyperref Info: Hyper index ON on input line 5145.
Package hyperref Info: backreferencing OFF on input line 5152.
Package hyperref Info: Link coloring OFF on input line 5157.
Package hyperref Info: Link coloring with OCG OFF on input line 5162.
Package hyperref Info: PDF/A mode OFF on input line 5167.
LaTeX Info: Redefining \ref on input line 5207.
LaTeX Info: Redefining \pageref on input line 5211.

(c:/Users/student.IT/Downloads/Desktop/texlive2014/alcmd/../2010min/texmf-dist/
tex/generic/oberdiek/atbegshi.sty
Package: atbegshi 2010/03/25 v1.12 At begin shipout hook (HO)
)
\Hy@abspage=\count103
\c@Item=\count104
\c@Hfootnote=\count105
)
* hyperref using default driver hpdftex *

(c:/Users/student.IT/Downloads/Desktop/texlive2014/alcmd/../2010min/texmf-dist/
tex/latex/hyperref/hpdftex.def
File: hpdftex.def 2010/06/18 v6.81g Hyperref driver for pdfTeX

(c:/Users/student.IT/Downloads/Desktop/texlive2014/alcmd/../2010min/texmf-dist/
tex/latex/oberdiek/atveryend.sty
Package: atveryend 2010/03/24 v1.5 Hooks at very end of document (HO)
Package atveryend Info: \enddocument detected (standard).
)
\Fld@listcount=\count106
\c@bookmark@seq@number=\count107

(c:/Users/student.IT/Downloads/Desktop/texlive2014/alcmd/../2010min/texmf-dist/
tex/latex/oberdiek/rerunfilecheck.sty
Package: rerunfilecheck 2010/03/16 v1.6 Rerun checks for auxiliary files (HO)

(c:/Users/student.IT/Downloads/Desktop/texlive2014/alcmd/../2010min/texmf-dist/
tex/generic/oberdiek/uniquecounter.sty
Package: uniquecounter 2009/12/18 v1.1 Provides unlimited unique counter (HO)
)
Package uniquecounter Info: New unique counter `rerunfilecheck' on input line 2
71.
)
\Hy@SectionHShift=\skip46
)
(c:/Users/student.IT/Downloads/Desktop/texlive2014/alcmd/../2010min/texmf-dist/
tex/latex/graphics/graphicx.sty
Package: graphicx 1999/02/16 v1.0f Enhanced LaTeX Graphics (DPC,SPQR)

(c:/Users/student.IT/Downloads/Desktop/texlive2014/alcmd/../2010min/texmf-dist/
tex/latex/graphics/graphics.sty
Package: graphics 2009/02/05 v1.0o Standard LaTeX Graphics (DPC,SPQR)

(c:/Users/student.IT/Downloads/Desktop/texlive2014/alcmd/../2010min/texmf-dist/
tex/latex/graphics/trig.sty
Package: trig 1999/03/16 v1.09 sin cos tan (DPC)
)
(c:/Users/student.IT/Downloads/Desktop/texlive2014/alcmd/../2010min/texmf-dist/
tex/latex/latexconfig/graphics.cfg
File: graphics.cfg 2010/04/23 v1.9 graphics configuration of TeX Live
)
Package graphics Info: Driver file: pdftex.def on input line 91.

(c:/Users/student.IT/Downloads/Desktop/texlive2014/alcmd/../2010min/texmf-dist/
tex/latex/pdftex-def/pdftex.def
File: pdftex.def 2010/02/14 v0.04n Graphics/color for pdfTeX
\Gread@gobject=\count108
))
\Gin@req@height=\dimen116
\Gin@req@width=\dimen117
)
(c:/Users/student.IT/Downloads/Desktop/texlive2014/alcmd/../2010min/texmf-dist/
tex/latex/multirow/multirow.sty
\bigstrutjot=\dimen118
)
(c:/Users/student.IT/Downloads/Desktop/texlive2014/alcmd/../2010min/texmf-dist/
tex/latex/float/float.sty
Package: float 2001/11/08 v1.3d Float enhancements (AL)
\c@float@type=\count109
\float@exts=\toks23
\float@box=\box28
\@float@everytoks=\toks24
\@floatcapt=\box29
)
(c:/Users/student.IT/Downloads/Desktop/texlive2014/alcmd/../2010min/texmf-dist/
tex/latex/tools/longtable.sty
Package: longtable 2004/02/01 v4.11 Multi-page Table package (DPC)
\LTleft=\skip47
\LTright=\skip48
\LTpre=\skip49
\LTpost=\skip50
\LTchunksize=\count110
\LTcapwidth=\dimen119
\LT@head=\box30
\LT@firsthead=\box31
\LT@foot=\box32
\LT@lastfoot=\box33
\LT@cols=\count111
\LT@rows=\count112
\c@LT@tables=\count113
\c@LT@chunks=\count114
\LT@p@ftn=\toks25
) (./nal.sty
Package: nal 2015/11/18 macros for preparing numeryczna algebra liniowa
)
(c:/Users/student.IT/Downloads/Desktop/texlive2014/alcmd/../2010min/texmf-dist/
tex/latex/tools/indentfirst.sty
Package: indentfirst 1995/11/23 v1.03 Indent first paragraph (DPC)
)
(c:/Users/student.IT/Downloads/Desktop/texlive2014/alcmd/../2010min/texmf-dist/
tex/latex/geometry/geometry.sty
Package: geometry 2010/07/13 v5.5 Page Geometry
\Gm@cnth=\count115
\Gm@cntv=\count116
\c@Gm@tempcnt=\count117
\Gm@bindingoffset=\dimen120
\Gm@wd@mp=\dimen121
\Gm@odd@mp=\dimen122
\Gm@even@mp=\dimen123
\Gm@layoutwidth=\dimen124
\Gm@layoutheight=\dimen125
\Gm@layouthoffset=\dimen126
\Gm@layoutvoffset=\dimen127
\Gm@dimlist=\toks26
) (./zespolowe_przedsiewziecie_inzynierskie.aux

LaTeX Warning: Label `fig:11' multiply defined.


LaTeX Warning: Label `fig:11' multiply defined.


LaTeX Warning: Label `fig:11' multiply defined.


LaTeX Warning: Label `fig:11' multiply defined.


LaTeX Warning: Label `fig:11' multiply defined.


LaTeX Warning: Label `fig:11' multiply defined.


LaTeX Warning: Label `fig:11' multiply defined.


LaTeX Warning: Label `fig:11' multiply defined.


LaTeX Warning: Label `fig:11' multiply defined.


LaTeX Warning: Label `fig:11' multiply defined.

)
\openout1 = `zespolowe_przedsiewziecie_inzynierskie.aux'.

LaTeX Font Info:    Checking defaults for OML/cmm/m/it on input line 19.
LaTeX Font Info:    ... okay on input line 19.
LaTeX Font Info:    Checking defaults for T1/cmr/m/n on input line 19.
LaTeX Font Info:    ... okay on input line 19.
LaTeX Font Info:    Checking defaults for OT1/cmr/m/n on input line 19.
LaTeX Font Info:    ... okay on input line 19.
LaTeX Font Info:    Checking defaults for OMS/cmsy/m/n on input line 19.
LaTeX Font Info:    ... okay on input line 19.
LaTeX Font Info:    Checking defaults for OMX/cmex/m/n on input line 19.
LaTeX Font Info:    ... okay on input line 19.
LaTeX Font Info:    Checking defaults for U/cmr/m/n on input line 19.
LaTeX Font Info:    ... okay on input line 19.
LaTeX Font Info:    Checking defaults for OT4/cmr/m/n on input line 19.
LaTeX Font Info:    ... okay on input line 19.
LaTeX Font Info:    Checking defaults for PD1/pdf/m/n on input line 19.
LaTeX Font Info:    ... okay on input line 19.
\AtBeginShipoutBox=\box34
Package hyperref Info: Link coloring OFF on input line 19.

(c:/Users/student.IT/Downloads/Desktop/texlive2014/alcmd/../2010min/texmf-dist/
tex/latex/hyperref/nameref.sty
Package: nameref 2010/04/30 v2.40 Cross-referencing by name of section

(c:/Users/student.IT/Downloads/Desktop/texlive2014/alcmd/../2010min/texmf-dist/
tex/latex/oberdiek/refcount.sty
Package: refcount 2008/08/11 v3.1 Data extraction from references (HO)
)
(c:/Users/student.IT/Downloads/Desktop/texlive2014/alcmd/../2010min/texmf-dist/
tex/generic/oberdiek/gettitlestring.sty
Package: gettitlestring 2009/12/18 v1.3 Cleanup title references (HO)
)
\c@section@level=\count118
)
LaTeX Info: Redefining \ref on input line 19.
LaTeX Info: Redefining \pageref on input line 19.
LaTeX Info: Redefining \nameref on input line 19.

(./zespolowe_przedsiewziecie_inzynierskie.out)
(./zespolowe_przedsiewziecie_inzynierskie.out)
\@outlinefile=\write3
\openout3 = `zespolowe_przedsiewziecie_inzynierskie.out'.


*geometry* driver: auto-detecting
*geometry* detected driver: pdftex
*geometry* verbose mode - [ preamble ] result:
* driver: pdftex
* paper: a4paper
* layout: <same size as paper>
* layoutoffset:(h,v)=(0.0pt,0.0pt)
* modes: 
* h-part:(L,W,R)=(99.58464pt, 426.79135pt, 71.13188pt)
* v-part:(T,H,B)=(56.9055pt, 702.78308pt, 85.35826pt)
* \paperwidth=597.50787pt
* \paperheight=845.04684pt
* \textwidth=426.79135pt
* \textheight=702.78308pt
* \oddsidemargin=27.31465pt
* \evensidemargin=27.31465pt
* \topmargin=-52.36449pt
* \headheight=12.0pt
* \headsep=25.0pt
* \topskip=12.0pt
* \footskip=30.0pt
* \marginparwidth=35.0pt
* \marginparsep=10.0pt
* \columnsep=10.0pt
* \skip\footins=10.8pt plus 4.0pt minus 2.0pt
* \hoffset=0.0pt
* \voffset=0.0pt
* \mag=1000
* \@twocolumnfalse
* \@twosidefalse
* \@mparswitchfalse
* \@reversemarginfalse
* (1in=72.27pt=25.4mm, 1cm=28.453pt)

(./tex/tytul.tex [1

{c:/Users/student.IT/Downloads/Desktop/texlive2014/alcmd/../2010min/texmf-var/f
onts/map/pdftex/updmap/pdftex.map}])
(./zespolowe_przedsiewziecie_inzynierskie.toc
LaTeX Font Info:    Try loading font information for OML+plm on input line 2.

(c:/Users/student.IT/Downloads/Desktop/texlive2014/alcmd/../2010min/texmf-dist/
tex/latex/polski/omlplm.fd
File: omlplm.fd 2008/02/24 v1.2.1 Font defs for fonts PL (MW)
)
LaTeX Font Info:    Try loading font information for OMS+plsy on input line 2.

(c:/Users/student.IT/Downloads/Desktop/texlive2014/alcmd/../2010min/texmf-dist/
tex/latex/polski/omsplsy.fd
File: omsplsy.fd 2008/02/24 v1.2.1 Font defs for fonts PL (MW)
)
LaTeX Font Info:    Try loading font information for OMX+plex on input line 2.

(c:/Users/student.IT/Downloads/Desktop/texlive2014/alcmd/../2010min/texmf-dist/
tex/latex/polski/omxplex.fd
File: omxplex.fd 2008/02/24 v1.2.1 Font defs for fonts PL (MW)
)
LaTeX Font Info:    External font `plex10' loaded for size
(Font)              <12> on input line 2.
LaTeX Font Info:    External font `plex10' loaded for size
(Font)              <8> on input line 2.
LaTeX Font Info:    External font `plex10' loaded for size
(Font)              <6> on input line 2.
LaTeX Font Info:    Try loading font information for U+msa on input line 2.

(c:/Users/student.IT/Downloads/Desktop/texlive2014/alcmd/../2010min/texmf-dist/
tex/latex/amsfonts/umsa.fd
File: umsa.fd 2009/06/22 v3.00 AMS symbols A
)
LaTeX Font Info:    Try loading font information for U+msb on input line 2.

(c:/Users/student.IT/Downloads/Desktop/texlive2014/alcmd/../2010min/texmf-dist/
tex/latex/amsfonts/umsb.fd
File: umsb.fd 2009/06/22 v3.00 AMS symbols B
))
\tf@toc=\write4
\openout4 = `zespolowe_przedsiewziecie_inzynierskie.toc'.

 (./tex/zpi.texpdfTeX warning (ext4): destination with the same identifier (nam
e{page.1}) has been already used, duplicate ignored
<to be read again> 
                   \relax 
l.1 \chapter
             {Charakterystyka projektu} [1

]
Rozdzia\PlPrIeC {\l } 1.
LaTeX Font Info:    Try loading font information for OMS+cmr on input line 11.

(c:/Users/student.IT/Downloads/Desktop/texlive2014/alcmd/../2010min/texmf-dist/
tex/latex/base/omscmr.fd
File: omscmr.fd 1999/05/25 v2.5h Standard LaTeX font definitions
)
LaTeX Font Info:    Font shape `OMS/cmr/m/n' in size <12> not available
(Font)              Font shape `OMS/cmsy/m/n' tried instead on input line 11.
 [2

] [3]
<fig/i1.jpg, id=112, 375.65344pt x 285.31593pt>
File: fig/i1.jpg Graphic file (type jpg)
 <use fig/i1.jpg>
<fig/i2.jpg, id=113, 374.90062pt x 292.09125pt>
File: fig/i2.jpg Graphic file (type jpg)
 <use fig/i2.jpg>
<fig/i3.jpg, id=114, 371.88937pt x 292.84406pt>
File: fig/i3.jpg Graphic file (type jpg)
 <use fig/i3.jpg>

LaTeX Warning: `!h' float specifier changed to `!ht'.

<fig/i4.jpg, id=115, 375.65344pt x 289.83281pt>
File: fig/i4.jpg Graphic file (type jpg)
 <use fig/i4.jpg>

LaTeX Warning: `!h' float specifier changed to `!ht'.

<fig/i5.jpg, id=116, 586.44093pt x 439.6425pt>
File: fig/i5.jpg Graphic file (type jpg)
 <use fig/i5.jpg>

LaTeX Warning: `!h' float specifier changed to `!ht'.

<fig/i6.png, id=117, 580.41844pt x 344.03531pt>
File: fig/i6.png Graphic file (type png)
 <use fig/i6.png>

LaTeX Warning: `!h' float specifier changed to `!ht'.

[4pdfTeX warning (ext4): destination with the same identifier (name{figure.1.1}
) has been already used, duplicate ignored

\AtBegShi@Output ...ipout \box \AtBeginShipoutBox 
                                                  \fi \fi 
l.115 \clearpage
                pdfTeX warning (ext4): destination with the same identifier (na
me{figure.1.2}) has been already used, duplicate ignored

\AtBegShi@Output ...ipout \box \AtBeginShipoutBox 
                                                  \fi \fi 
l.115 \clearpage
                 <./fig/i1.jpg> <./fig/i2.jpg>] [5pdfTeX warning (ext4): destin
ation with the same identifier (name{figure.1.3}) has been already used, duplic
ate ignored

\AtBegShi@Output ...ipout \box \AtBeginShipoutBox 
                                                  \fi \fi 
l.115 \clearpage
                pdfTeX warning (ext4): destination with the same identifier (na
me{figure.1.4}) has been already used, duplicate ignored

\AtBegShi@Output ...ipout \box \AtBeginShipoutBox 
                                                  \fi \fi 
l.115 \clearpage
                pdfTeX warning (ext4): destination with the same identifier (na
me{figure.1.5}) has been already used, duplicate ignored

\AtBegShi@Output ...ipout \box \AtBeginShipoutBox 
                                                  \fi \fi 
l.115 \clearpage
                 <./fig/i3.jpg> <./fig/i4.jpg> <./fig/i5.jpg>] [6pdfTeX warning
 (ext4): destination with the same identifier (name{figure.1.6}) has been alrea
dy used, duplicate ignored

\AtBegShi@Output ...ipout \box \AtBeginShipoutBox 
                                                  \fi \fi 
l.115 \clearpage
                 <./fig/i6.png>]
<fig/p1.png, id=139, 1028.34187pt x 548.0475pt>
File: fig/p1.png Graphic file (type png)
 <use fig/p1.png>
<fig/11.png, id=140, 722.7pt x 1284.8pt>
File: fig/11.png Graphic file (type png)
 <use fig/11.png>
<fig/22.png, id=141, 722.7pt x 1284.8pt>
File: fig/22.png Graphic file (type png)
 <use fig/22.png>

LaTeX Warning: `!h' float specifier changed to `!ht'.

<fig/33.png, id=142, 722.7pt x 1284.8pt>
File: fig/33.png Graphic file (type png)
 <use fig/33.png>

LaTeX Warning: `!h' float specifier changed to `!ht'.

<fig/44.png, id=143, 722.7pt x 1284.8pt>
File: fig/44.png Graphic file (type png)
 <use fig/44.png>

LaTeX Warning: `!h' float specifier changed to `!ht'.

[7

pdfTeX warning (ext4): destination with the same identifier (name{figure.1.7}) 
has been already used, duplicate ignored

\AtBegShi@Output ...ipout \box \AtBeginShipoutBox 
                                                  \fi \fi 
l.159 \clearpage
                pdfTeX warning (ext4): destination with the same identifier (na
me{figure.1.8}) has been already used, duplicate ignored

\AtBegShi@Output ...ipout \box \AtBeginShipoutBox 
                                                  \fi \fi 
l.159 \clearpage
                 <./fig/p1.png> <./fig/11.png (PNG copy)>] [8pdfTeX warning (ex
t4): destination with the same identifier (name{figure.1.9}) has been already u
sed, duplicate ignored

\AtBegShi@Output ...ipout \box \AtBeginShipoutBox 
                                                  \fi \fi 
l.159 \clearpage
                pdfTeX warning (ext4): destination with the same identifier (na
me{figure.1.10}) has been already used, duplicate ignored

\AtBegShi@Output ...ipout \box \AtBeginShipoutBox 
                                                  \fi \fi 
l.159 \clearpage
                 <./fig/22.png (PNG copy)> <./fig/33.png (PNG copy)>] [9pdfTeX 
warning (ext4): destination with the same identifier (name{figure.1.11}) has be
en already used, duplicate ignored

\AtBegShi@Output ...ipout \box \AtBeginShipoutBox 
                                                  \fi \fi 
l.159 \clearpage
                 <./fig/44.png (PNG copy)>]
Overfull \hbox (4.94641pt too wide) in paragraph at lines 161--161
[]\OT4/cmr/bx/n/17.28 Instalacja apli-ka-cji Ima-ge Crop-per Qu-ick Start
 []

)
Package atveryend Info: Empty hook `BeforeClearDocument' on input line 25.
 [10

]
Package atveryend Info: Empty hook `AfterLastShipout' on input line 25.
 (./zespolowe_przedsiewziecie_inzynierskie.aux)
Package atveryend Info: Executing hook `AtVeryEndDocument' on input line 25.
Package rerunfilecheck Info: File `zespolowe_przedsiewziecie_inzynierskie.out' 
has not changed.
(rerunfilecheck)             Checksum: 458F8710177D5D8B8B169B90285C12DA;1388.


LaTeX Warning: There were multiply-defined labels.

 ) 
Here is how much of TeX's memory you used:
 6346 strings out of 494998
 97632 string characters out of 3180792
 172037 words of memory out of 3000000
 9327 multiletter control sequences out of 15000+200000
 14693 words of font info for 43 fonts, out of 3000000 for 9000
 56 hyphenation exceptions out of 8191
 31i,5n,28p,311b,428s stack positions out of 5000i,500n,10000p,200000b,50000s
{c:/Users/student.IT/Downloads/Desktop/texlive2014/alcmd/../2010min/texmf-dis
t/fonts/enc/dvips/pl/plrm.enc}{c:/Users/student.IT/Downloads/Desktop/texlive201
4/alcmd/../2010min/texmf-dist/fonts/enc/dvips/pl/plit.enc}{c:/Users/student.IT/
Downloads/Desktop/texlive2014/alcmd/../2010min/texmf-dist/fonts/enc/dvips/pl/pl
sc.enc}<c:/Users/student.IT/Downloads/Desktop/texlive2014/alcmd/../2010min/texm
f-dist/fonts/type1/public/amsfonts/cm/cmsy10.pfb><c:/Users/student.IT/Downloads
/Desktop/texlive2014/alcmd/../2010min/texmf-dist/fonts/type1/public/pl/plbx12.p
fb><c:/Users/student.IT/Downloads/Desktop/texlive2014/alcmd/../2010min/texmf-di
st/fonts/type1/public/pl/plcsc10.pfb><c:/Users/student.IT/Downloads/Desktop/tex
live2014/alcmd/../2010min/texmf-dist/fonts/type1/public/pl/plr12.pfb><c:/Users/
student.IT/Downloads/Desktop/texlive2014/alcmd/../2010min/texmf-dist/fonts/type
1/public/pl/plti12.pfb>
Output written on zespolowe_przedsiewziecie_inzynierskie.pdf (11 pages, 1394626
 bytes).
PDF statistics:
 200 PDF objects out of 1000 (max. 8388607)
 167 compressed objects within 2 object streams
 40 named destinations out of 1000 (max. 500000)
 192 words of extra memory for PDF output out of 10000 (max. 10000000)

